#
# There is insufficient memory for the Java Runtime Environment to continue.
# Native memory allocation (malloc) failed to allocate 32744 bytes for ChunkPool::allocate
# Possible reasons:
#   The system is out of physical RAM or swap space
#   In 32 bit mode, the process size limit was hit
# Possible solutions:
#   Reduce memory load on the system
#   Increase physical memory or swap space
#   Check if swap backing store is full
#   Use 64 bit Java on a 64 bit OS
#   Decrease Java heap size (-Xmx/-Xms)
#   Decrease number of Java threads
#   Decrease Java thread stack sizes (-Xss)
#   Set larger code cache with -XX:ReservedCodeCacheSize=
# This output file may be truncated or incomplete.
#
#  Out of Memory Error (allocation.cpp:273), pid=11844, tid=0x0000000000003368
#
# JRE version: Java(TM) SE Runtime Environment (8.0_121-b13) (build 1.8.0_121-b13)
# Java VM: Java HotSpot(TM) 64-Bit Server VM (25.121-b13 mixed mode windows-amd64 compressed oops)
# Failed to write core dump. Minidumps are not enabled by default on client versions of Windows
#

---------------  T H R E A D  ---------------

Current thread (0x000000001958b800):  JavaThread "C1 CompilerThread2" daemon [_thread_in_native, id=13160, stack(0x000000001a0b0000,0x000000001a1b0000)]

Stack: [0x000000001a0b0000,0x000000001a1b0000]
[error occurred during error reporting (printing stack bounds), id 0xc0000005]

Native frames: (J=compiled Java code, j=interpreted, Vv=VM code, C=native code)


Current CompileTask:
C1:   4604 2550       3       org.springframework.util.AntPathMatcher::doMatch (619 bytes)


---------------  P R O C E S S  ---------------

Java Threads: ( => current thread )
  0x000000001968c000 JavaThread "Service Thread" daemon [_thread_blocked, id=11200, stack(0x000000001a1b0000,0x000000001a2b0000)]
=>0x000000001958b800 JavaThread "C1 CompilerThread2" daemon [_thread_in_native, id=13160, stack(0x000000001a0b0000,0x000000001a1b0000)]
  0x000000001958a000 JavaThread "C2 CompilerThread1" daemon [_thread_in_native, id=9396, stack(0x0000000019fb0000,0x000000001a0b0000)]
  0x0000000019587000 JavaThread "C2 CompilerThread0" daemon [_thread_in_native, id=9996, stack(0x0000000019eb0000,0x0000000019fb0000)]
  0x00000000195f2800 JavaThread "Monitor Ctrl-Break" daemon [_thread_in_native, id=5440, stack(0x0000000019db0000,0x0000000019eb0000)]
  0x0000000017b71000 JavaThread "Attach Listener" daemon [_thread_blocked, id=14108, stack(0x00000000190b0000,0x00000000191b0000)]
  0x0000000017b70000 JavaThread "Signal Dispatcher" daemon [_thread_blocked, id=3320, stack(0x0000000018fb0000,0x00000000190b0000)]
  0x0000000017b50000 JavaThread "Finalizer" daemon [_thread_blocked, id=14312, stack(0x0000000018dc0000,0x0000000018ec0000)]
  0x0000000002ee8000 JavaThread "Reference Handler" daemon [_thread_blocked, id=3244, stack(0x0000000018cc0000,0x0000000018dc0000)]
  0x0000000002df7000 JavaThread "main" [_thread_in_vm, id=11980, stack(0x0000000002c40000,0x0000000002d40000)]

Other Threads:
  0x0000000017b28800 VMThread [stack: 0x0000000018bc0000,0x0000000018cc0000] [id=13436]
  0x000000001971d800 WatcherThread [stack: 0x000000001a2b0000,0x000000001a3b0000] [id=10816]

VM state:not at safepoint (normal execution)

VM Mutex/Monitor currently owned by a thread: None

Heap:
 PSYoungGen      total 71680K, used 57070K [0x00000000d5c00000, 0x00000000da700000, 0x0000000100000000)
  eden space 66560K, 85% used [0x00000000d5c00000,0x00000000d93bbab8,0x00000000d9d00000)
  from space 5120K, 0% used [0x00000000d9d00000,0x00000000d9d00000,0x00000000da200000)
  to   space 5120K, 0% used [0x00000000da200000,0x00000000da200000,0x00000000da700000)
 ParOldGen       total 59904K, used 7443K [0x0000000081400000, 0x0000000084e80000, 0x00000000d5c00000)
  object space 59904K, 12% used [0x0000000081400000,0x0000000081b44da8,0x0000000084e80000)
 Metaspace       used 23437K, capacity 24528K, committed 24704K, reserved 1073152K
  class space    used 2957K, capacity 3190K, committed 3200K, reserved 1048576K

Card table byte_map: [0x00000000123b0000,0x00000000127b0000] byte_map_base: 0x0000000011fa6000

Marking Bits: (ParMarkBitMap*) 0x0000000064c5b6d0
 Begin Bits: [0x0000000012e60000, 0x0000000014e10000)
 End Bits:   [0x0000000014e10000, 0x0000000016dc0000)

Polling page: 0x0000000001260000

CodeCache: size=245760Kb used=8539Kb max_used=8539Kb free=237220Kb
 bounds [0x0000000002ff0000, 0x0000000003850000, 0x0000000011ff0000]
 total_blobs=2910 nmethods=2545 adapters=277
 compilation: enabled

Compilation events (10 events):
Event: 4.506 Thread 0x000000001958b800 nmethod 2545 0x000000000384ab90 code [0x000000000384ace0, 0x000000000384aed0]
Event: 4.507 Thread 0x000000001958b800 2546       1       java.util.Formatter$Flags::valueOf (5 bytes)
Event: 4.507 Thread 0x000000001958b800 nmethod 2546 0x000000000384af90 code [0x000000000384b0e0, 0x000000000384b1f0]
Event: 4.507 Thread 0x000000001958b800 2547       3       java.util.regex.Matcher::getTextLength (10 bytes)
Event: 4.507 Thread 0x000000001958b800 nmethod 2547 0x000000000384b250 code [0x000000000384b3c0, 0x000000000384b5e8]
Event: 4.511 Thread 0x000000001958b800 2548       3       java.util.regex.Matcher::reset (83 bytes)
Event: 4.511 Thread 0x000000001958b800 nmethod 2548 0x000000000384b690 code [0x000000000384b820, 0x000000000384bcc8]
Event: 4.512 Thread 0x000000001958b800 2549       3       java.lang.invoke.MethodHandles$Lookup::getDirectMethodNoSecurityManager (12 bytes)
Event: 4.512 Thread 0x000000001958b800 nmethod 2549 0x000000000384be90 code [0x000000000384c000, 0x000000000384c1a8]
Event: 4.516 Thread 0x000000001958b800 2550       3       org.springframework.util.AntPathMatcher::doMatch (619 bytes)

GC Heap History (10 events):
Event: 2.070 GC heap before
{Heap before GC invocations=2 (full 0):
 PSYoungGen      total 38400K, used 38397K [0x00000000d5c00000, 0x00000000d8680000, 0x0000000100000000)
  eden space 33280K, 100% used [0x00000000d5c00000,0x00000000d7c80000,0x00000000d7c80000)
  from space 5120K, 99% used [0x00000000d7c80000,0x00000000d817f410,0x00000000d8180000)
  to   space 5120K, 0% used [0x00000000d8180000,0x00000000d8180000,0x00000000d8680000)
 ParOldGen       total 87552K, used 134K [0x0000000081400000, 0x0000000086980000, 0x00000000d5c00000)
  object space 87552K, 0% used [0x0000000081400000,0x0000000081421a00,0x0000000086980000)
 Metaspace       used 14414K, capacity 14920K, committed 15232K, reserved 1062912K
  class space    used 1761K, capacity 1914K, committed 1920K, reserved 1048576K
Event: 2.081 GC heap after
Heap after GC invocations=2 (full 0):
 PSYoungGen      total 38400K, used 5112K [0x00000000d5c00000, 0x00000000da700000, 0x0000000100000000)
  eden space 33280K, 0% used [0x00000000d5c00000,0x00000000d5c00000,0x00000000d7c80000)
  from space 5120K, 99% used [0x00000000d8180000,0x00000000d867e060,0x00000000d8680000)
  to   space 5120K, 0% used [0x00000000d7c80000,0x00000000d7c80000,0x00000000d8180000)
 ParOldGen       total 87552K, used 1524K [0x0000000081400000, 0x0000000086980000, 0x00000000d5c00000)
  object space 87552K, 1% used [0x0000000081400000,0x000000008157d388,0x0000000086980000)
 Metaspace       used 14414K, capacity 14920K, committed 15232K, reserved 1062912K
  class space    used 1761K, capacity 1914K, committed 1920K, reserved 1048576K
}
Event: 2.463 GC heap before
{Heap before GC invocations=3 (full 0):
 PSYoungGen      total 38400K, used 38392K [0x00000000d5c00000, 0x00000000da700000, 0x0000000100000000)
  eden space 33280K, 100% used [0x00000000d5c00000,0x00000000d7c80000,0x00000000d7c80000)
  from space 5120K, 99% used [0x00000000d8180000,0x00000000d867e060,0x00000000d8680000)
  to   space 5120K, 0% used [0x00000000d7c80000,0x00000000d7c80000,0x00000000d8180000)
 ParOldGen       total 87552K, used 1524K [0x0000000081400000, 0x0000000086980000, 0x00000000d5c00000)
  object space 87552K, 1% used [0x0000000081400000,0x000000008157d388,0x0000000086980000)
 Metaspace       used 17858K, capacity 18430K, committed 18560K, reserved 1064960K
  class space    used 2237K, capacity 2375K, committed 2432K, reserved 1048576K
Event: 2.472 GC heap after
Heap after GC invocations=3 (full 0):
 PSYoungGen      total 38400K, used 5115K [0x00000000d5c00000, 0x00000000da700000, 0x0000000100000000)
  eden space 33280K, 0% used [0x00000000d5c00000,0x00000000d5c00000,0x00000000d7c80000)
  from space 5120K, 99% used [0x00000000d7c80000,0x00000000d817ecb8,0x00000000d8180000)
  to   space 5120K, 0% used [0x00000000da200000,0x00000000da200000,0x00000000da700000)
 ParOldGen       total 87552K, used 3355K [0x0000000081400000, 0x0000000086980000, 0x00000000d5c00000)
  object space 87552K, 3% used [0x0000000081400000,0x0000000081746ee8,0x0000000086980000)
 Metaspace       used 17858K, capacity 18430K, committed 18560K, reserved 1064960K
  class space    used 2237K, capacity 2375K, committed 2432K, reserved 1048576K
}
Event: 3.268 GC heap before
{Heap before GC invocations=4 (full 0):
 PSYoungGen      total 38400K, used 38395K [0x00000000d5c00000, 0x00000000da700000, 0x0000000100000000)
  eden space 33280K, 100% used [0x00000000d5c00000,0x00000000d7c80000,0x00000000d7c80000)
  from space 5120K, 99% used [0x00000000d7c80000,0x00000000d817ecb8,0x00000000d8180000)
  to   space 5120K, 0% used [0x00000000da200000,0x00000000da200000,0x00000000da700000)
 ParOldGen       total 87552K, used 3355K [0x0000000081400000, 0x0000000086980000, 0x00000000d5c00000)
  object space 87552K, 3% used [0x0000000081400000,0x0000000081746ee8,0x0000000086980000)
 Metaspace       used 19532K, capacity 20252K, committed 20352K, reserved 1067008K
  class space    used 2430K, capacity 2624K, committed 2688K, reserved 1048576K
Event: 3.281 GC heap after
Heap after GC invocations=4 (full 0):
 PSYoungGen      total 71680K, used 5106K [0x00000000d5c00000, 0x00000000da700000, 0x0000000100000000)
  eden space 66560K, 0% used [0x00000000d5c00000,0x00000000d5c00000,0x00000000d9d00000)
  from space 5120K, 99% used [0x00000000da200000,0x00000000da6fcbe8,0x00000000da700000)
  to   space 5120K, 0% used [0x00000000d9d00000,0x00000000d9d00000,0x00000000da200000)
 ParOldGen       total 87552K, used 5875K [0x0000000081400000, 0x0000000086980000, 0x00000000d5c00000)
  object space 87552K, 6% used [0x0000000081400000,0x00000000819bcf68,0x0000000086980000)
 Metaspace       used 19532K, capacity 20252K, committed 20352K, reserved 1067008K
  class space    used 2430K, capacity 2624K, committed 2688K, reserved 1048576K
}
Event: 3.610 GC heap before
{Heap before GC invocations=5 (full 0):
 PSYoungGen      total 71680K, used 63196K [0x00000000d5c00000, 0x00000000da700000, 0x0000000100000000)
  eden space 66560K, 87% used [0x00000000d5c00000,0x00000000d94ba528,0x00000000d9d00000)
  from space 5120K, 99% used [0x00000000da200000,0x00000000da6fcbe8,0x00000000da700000)
  to   space 5120K, 0% used [0x00000000d9d00000,0x00000000d9d00000,0x00000000da200000)
 ParOldGen       total 87552K, used 5875K [0x0000000081400000, 0x0000000086980000, 0x00000000d5c00000)
  object space 87552K, 6% used [0x0000000081400000,0x00000000819bcf68,0x0000000086980000)
 Metaspace       used 20381K, capacity 21104K, committed 21248K, reserved 1067008K
  class space    used 2523K, capacity 2704K, committed 2816K, reserved 1048576K
Event: 3.623 GC heap after
Heap after GC invocations=5 (full 0):
 PSYoungGen      total 71680K, used 5096K [0x00000000d5c00000, 0x00000000da700000, 0x0000000100000000)
  eden space 66560K, 0% used [0x00000000d5c00000,0x00000000d5c00000,0x00000000d9d00000)
  from space 5120K, 99% used [0x00000000d9d00000,0x00000000da1fa3f0,0x00000000da200000)
  to   space 5120K, 0% used [0x00000000da200000,0x00000000da200000,0x00000000da700000)
 ParOldGen       total 87552K, used 8327K [0x0000000081400000, 0x0000000086980000, 0x00000000d5c00000)
  object space 87552K, 9% used [0x0000000081400000,0x0000000081c21fc0,0x0000000086980000)
 Metaspace       used 20381K, capacity 21104K, committed 21248K, reserved 1067008K
  class space    used 2523K, capacity 2704K, committed 2816K, reserved 1048576K
}
Event: 3.623 GC heap before
{Heap before GC invocations=6 (full 1):
 PSYoungGen      total 71680K, used 5096K [0x00000000d5c00000, 0x00000000da700000, 0x0000000100000000)
  eden space 66560K, 0% used [0x00000000d5c00000,0x00000000d5c00000,0x00000000d9d00000)
  from space 5120K, 99% used [0x00000000d9d00000,0x00000000da1fa3f0,0x00000000da200000)
  to   space 5120K, 0% used [0x00000000da200000,0x00000000da200000,0x00000000da700000)
 ParOldGen       total 87552K, used 8327K [0x0000000081400000, 0x0000000086980000, 0x00000000d5c00000)
  object space 87552K, 9% used [0x0000000081400000,0x0000000081c21fc0,0x0000000086980000)
 Metaspace       used 20381K, capacity 21104K, committed 21248K, reserved 1067008K
  class space    used 2523K, capacity 2704K, committed 2816K, reserved 1048576K
Event: 3.687 GC heap after
Heap after GC invocations=6 (full 1):
 PSYoungGen      total 71680K, used 0K [0x00000000d5c00000, 0x00000000da700000, 0x0000000100000000)
  eden space 66560K, 0% used [0x00000000d5c00000,0x00000000d5c00000,0x00000000d9d00000)
  from space 5120K, 0% used [0x00000000d9d00000,0x00000000d9d00000,0x00000000da200000)
  to   space 5120K, 0% used [0x00000000da200000,0x00000000da200000,0x00000000da700000)
 ParOldGen       total 59904K, used 7443K [0x0000000081400000, 0x0000000084e80000, 0x00000000d5c00000)
  object space 59904K, 12% used [0x0000000081400000,0x0000000081b44da8,0x0000000084e80000)
 Metaspace       used 20381K, capacity 21104K, committed 21248K, reserved 1067008K
  class space    used 2523K, capacity 2704K, committed 2816K, reserved 1048576K
}

Deoptimization events (10 events):
Event: 4.456 Thread 0x0000000002df7000 Uncommon trap: reason=class_check action=maybe_recompile pc=0x000000000355f34c method=java.util.regex.Pattern$CharProperty.match(Ljava/util/regex/Matcher;ILjava/lang/CharSequence;)Z @ 18
Event: 4.466 Thread 0x0000000002df7000 Uncommon trap: reason=unstable_if action=reinterpret pc=0x000000000380d300 method=org.springframework.core.ResolvableType.forType(Ljava/lang/reflect/Type;Lorg/springframework/core/SerializableTypeWrapper$TypeProvider;Lorg/springframework/core/ResolvableTy
Event: 4.474 Thread 0x0000000002df7000 Uncommon trap: reason=class_check action=maybe_recompile pc=0x0000000003659d9c method=org.springframework.util.ConcurrentReferenceHashMap$Segment.findInChain(Lorg/springframework/util/ConcurrentReferenceHashMap$Reference;Ljava/lang/Object;I)Lorg/springfra
Event: 4.484 Thread 0x0000000002df7000 Uncommon trap: reason=class_check action=maybe_recompile pc=0x00000000037fa9bc method=org.springframework.core.ResolvableType.resolveType()Lorg/springframework/core/ResolvableType; @ 117
Event: 4.484 Thread 0x0000000002df7000 Uncommon trap: reason=class_check action=maybe_recompile pc=0x00000000037fa9bc method=org.springframework.core.ResolvableType.resolveType()Lorg/springframework/core/ResolvableType; @ 117
Event: 4.502 Thread 0x0000000002df7000 Uncommon trap: reason=class_check action=maybe_recompile pc=0x0000000003659d9c method=org.springframework.util.ConcurrentReferenceHashMap$Segment.findInChain(Lorg/springframework/util/ConcurrentReferenceHashMap$Reference;Ljava/lang/Object;I)Lorg/springfra
Event: 4.502 Thread 0x0000000002df7000 Uncommon trap: reason=class_check action=maybe_recompile pc=0x00000000037fa9bc method=org.springframework.core.ResolvableType.resolveType()Lorg/springframework/core/ResolvableType; @ 117
Event: 4.502 Thread 0x0000000002df7000 Uncommon trap: reason=class_check action=maybe_recompile pc=0x00000000037fa9bc method=org.springframework.core.ResolvableType.resolveType()Lorg/springframework/core/ResolvableType; @ 117
Event: 4.507 Thread 0x0000000002df7000 Uncommon trap: reason=class_check action=maybe_recompile pc=0x000000000355f34c method=java.util.regex.Pattern$CharProperty.match(Ljava/util/regex/Matcher;ILjava/lang/CharSequence;)Z @ 18
Event: 4.511 Thread 0x0000000002df7000 Uncommon trap: reason=class_check action=maybe_recompile pc=0x000000000355f34c method=java.util.regex.Pattern$CharProperty.match(Ljava/util/regex/Matcher;ILjava/lang/CharSequence;)Z @ 18

Internal exceptions (10 events):
Event: 2.463 Thread 0x0000000002df7000 Exception <a 'java/lang/ClassNotFoundException': org/springframework/beans/factory/BeanClassLoaderAwareCustomizer> (0x00000000d7c1f790) thrown at [C:\re\workspace\8-2-build-windows-amd64-cygwin\jdk8u121\8372\hotspot\src\share\vm\classfile\systemDictionary
Event: 2.473 Thread 0x0000000002df7000 Exception <a 'java/lang/ClassNotFoundException': org/springframework/beans/factory/AwareCustomizer> (0x00000000d5c0a0e0) thrown at [C:\re\workspace\8-2-build-windows-amd64-cygwin\jdk8u121\8372\hotspot\src\share\vm\classfile\systemDictionary.cpp, line 210]
Event: 2.473 Thread 0x0000000002df7000 Exception <a 'java/lang/ClassNotFoundException': org/springframework/context/EnvironmentAwareCustomizer> (0x00000000d5c20a80) thrown at [C:\re\workspace\8-2-build-windows-amd64-cygwin\jdk8u121\8372\hotspot\src\share\vm\classfile\systemDictionary.cpp, line
Event: 2.474 Thread 0x0000000002df7000 Exception <a 'java/lang/ClassNotFoundException': org/springframework/beans/factory/AwareCustomizer> (0x00000000d5c36c68) thrown at [C:\re\workspace\8-2-build-windows-amd64-cygwin\jdk8u121\8372\hotspot\src\share\vm\classfile\systemDictionary.cpp, line 210]
Event: 2.514 Thread 0x0000000019b93000 Exception <a 'java/lang/IncompatibleClassChangeError': Found class java.lang.Object, but interface was expected> (0x00000000d5e80e40) thrown at [C:\re\workspace\8-2-build-windows-amd64-cygwin\jdk8u121\8372\hotspot\src\share\vm\interpreter\linkResolver.cpp
Event: 2.790 Thread 0x0000000002df7000 Exception <a 'java/lang/NoSuchMethodError': java.lang.Object.lambda$getAllAnnotationAttributes$0(Lorg/springframework/util/MultiValueMap;)Lorg/springframework/util/MultiValueMap;> (0x00000000d69d9af0) thrown at [C:\re\workspace\8-2-build-windows-amd64-cyg
Event: 2.792 Thread 0x0000000002df7000 Exception <a 'java/lang/NoSuchMethodError': java.lang.Object.lambda$identity$2(Ljava/lang/Object;)Ljava/lang/Object;> (0x00000000d69eb8b8) thrown at [C:\re\workspace\8-2-build-windows-amd64-cygwin\jdk8u121\8372\hotspot\src\share\vm\interpreter\linkResolve
Event: 3.459 Thread 0x0000000002df7000 Exception <a 'java/lang/NoSuchMethodError': java.lang.Object.lambda$or$2(Ljava/util/function/Predicate;Ljava/lang/Object;)Z> (0x00000000d65fefa0) thrown at [C:\re\workspace\8-2-build-windows-amd64-cygwin\jdk8u121\8372\hotspot\src\share\vm\interpreter\link
Event: 3.591 Thread 0x0000000002df7000 Exception <a 'java/lang/IncompatibleClassChangeError': Found class java.lang.Object, but interface was expected> (0x00000000d9318f00) thrown at [C:\re\workspace\8-2-build-windows-amd64-cygwin\jdk8u121\8372\hotspot\src\share\vm\interpreter\linkResolver.cpp
Event: 4.394 Thread 0x0000000002df7000 Exception <a 'java/lang/NoSuchMethodError': java.lang.Object.lambda$getRequiredAttribute$0(Ljava/lang/String;)Ljava/lang/IllegalArgumentException;> (0x00000000d8d289d8) thrown at [C:\re\workspace\8-2-build-windows-amd64-cygwin\jdk8u121\8372\hotspot\src\sh

Events (10 events):
Event: 4.512 loading class org/springframework/context/annotation/ClassPathScanningCandidateComponentProvider
Event: 4.512 loading class org/springframework/context/annotation/ClassPathScanningCandidateComponentProvider done
Event: 4.512 loading class org/springframework/core/type/filter/TypeFilter
Event: 4.512 loading class org/springframework/core/type/filter/TypeFilter done
Event: 4.512 loading class org/springframework/context/annotation/ClassPathScanningCandidateComponentProvider
Event: 4.512 loading class org/springframework/context/annotation/ClassPathScanningCandidateComponentProvider done
Event: 4.513 loading class org/springframework/context/annotation/ClassPathScanningCandidateComponentProvider
Event: 4.513 loading class org/springframework/context/annotation/ClassPathScanningCandidateComponentProvider done
Event: 4.513 loading class org/springframework/context/annotation/ClassPathScanningCandidateComponentProvider
Event: 4.513 loading class org/springframework/context/annotation/ClassPathScanningCandidateComponentProvider done


Dynamic libraries:
0x00007ff7d46b0000 - 0x00007ff7d46e7000 	C:\Program Files\Java\jdk1.8.0_121\bin\java.exe
0x00007ffc6c2a0000 - 0x00007ffc6c44d000 	C:\Windows\SYSTEM32\ntdll.dll
0x00007ffc6a560000 - 0x00007ffc6a69f000 	C:\Windows\system32\KERNEL32.DLL
0x00007ffc69620000 - 0x00007ffc69735000 	C:\Windows\system32\KERNELBASE.dll
0x00007ffc67f90000 - 0x00007ffc6801e000 	C:\Windows\system32\apphelp.dll
0x00007ffc47ec0000 - 0x00007ffc47f15000 	C:\Windows\AppPatch\AppPatch64\AcGenral.DLL
0x00007ffc69c00000 - 0x00007ffc69caa000 	C:\Windows\system32\msvcrt.dll
0x00007ffc695f0000 - 0x00007ffc6961e000 	C:\Windows\system32\SspiCli.dll
0x00007ffc6c020000 - 0x00007ffc6c074000 	C:\Windows\system32\SHLWAPI.dll
0x00007ffc6a310000 - 0x00007ffc6a487000 	C:\Windows\system32\USER32.dll
0x00007ffc6a8c0000 - 0x00007ffc6aa55000 	C:\Windows\system32\ole32.dll
0x00007ffc6aad0000 - 0x00007ffc6bffe000 	C:\Windows\system32\SHELL32.dll
0x00007ffc68990000 - 0x00007ffc689b1000 	C:\Windows\SYSTEM32\USERENV.dll
0x00007ffc6a810000 - 0x00007ffc6a8ba000 	C:\Windows\system32\ADVAPI32.dll
0x00007ffc61ae0000 - 0x00007ffc61afe000 	C:\Windows\SYSTEM32\MPR.dll
0x00007ffc69e90000 - 0x00007ffc69fd0000 	C:\Windows\system32\RPCRT4.dll
0x00007ffc6a500000 - 0x00007ffc6a558000 	C:\Windows\SYSTEM32\sechost.dll
0x00007ffc6c080000 - 0x00007ffc6c291000 	C:\Windows\SYSTEM32\combase.dll
0x00007ffc69aa0000 - 0x00007ffc69bed000 	C:\Windows\system32\GDI32.dll
0x00007ffc693c0000 - 0x00007ffc693d5000 	C:\Windows\SYSTEM32\profapi.dll
0x00007ffc67e80000 - 0x00007ffc67f32000 	C:\Windows\SYSTEM32\SHCORE.dll
0x00007ffc699f0000 - 0x00007ffc69a26000 	C:\Windows\system32\IMM32.DLL
0x00007ffc6a6b0000 - 0x00007ffc6a801000 	C:\Windows\system32\MSCTF.dll
0x00007ffc674c0000 - 0x00007ffc6773b000 	C:\Windows\WinSxS\amd64_microsoft.windows.common-controls_6595b64144ccf1df_6.0.9600.19394_none_62486577ecb635cf\COMCTL32.dll
0x0000000064ce0000 - 0x0000000064db2000 	C:\Program Files\Java\jdk1.8.0_121\jre\bin\msvcr100.dll
0x0000000064440000 - 0x0000000064cdb000 	C:\Program Files\Java\jdk1.8.0_121\jre\bin\server\jvm.dll
0x00007ffc60820000 - 0x00007ffc60829000 	C:\Windows\SYSTEM32\WSOCK32.dll
0x00007ffc66f80000 - 0x00007ffc66fa2000 	C:\Windows\SYSTEM32\WINMM.dll
0x00007ffc66fb0000 - 0x00007ffc66fba000 	C:\Windows\SYSTEM32\VERSION.dll
0x00007ffc6a4f0000 - 0x00007ffc6a4f7000 	C:\Windows\system32\PSAPI.DLL
0x00007ffc6a490000 - 0x00007ffc6a4ea000 	C:\Windows\system32\WS2_32.dll
0x00007ffc66d20000 - 0x00007ffc66d4a000 	C:\Windows\SYSTEM32\WINMMBASE.dll
0x00007ffc69a90000 - 0x00007ffc69a99000 	C:\Windows\system32\NSI.dll
0x00007ffc69490000 - 0x00007ffc694df000 	C:\Windows\SYSTEM32\cfgmgr32.dll
0x00007ffc681e0000 - 0x00007ffc68208000 	C:\Windows\SYSTEM32\DEVOBJ.dll
0x0000000064e90000 - 0x0000000064e9f000 	C:\Program Files\Java\jdk1.8.0_121\jre\bin\verify.dll
0x0000000064e60000 - 0x0000000064e89000 	C:\Program Files\Java\jdk1.8.0_121\jre\bin\java.dll
0x0000000065260000 - 0x0000000065283000 	C:\Program Files\Java\jdk1.8.0_121\jre\bin\instrument.dll
0x0000000064e40000 - 0x0000000064e56000 	C:\Program Files\Java\jdk1.8.0_121\jre\bin\zip.dll
0x00007ffc57250000 - 0x00007ffc5726a000 	C:\Program Files\JetBrains\IntelliJ IDEA Community Edition 2019.3.4\bin\breakgen64.dll
0x0000000064e20000 - 0x0000000064e3a000 	C:\Program Files\Java\jdk1.8.0_121\jre\bin\net.dll
0x00007ffc68c00000 - 0x00007ffc68c59000 	C:\Windows\system32\mswsock.dll
0x0000000065250000 - 0x000000006525d000 	C:\Program Files\Java\jdk1.8.0_121\jre\bin\management.dll
0x00007ffc60670000 - 0x00007ffc60685000 	C:\Windows\system32\napinsp.dll
0x00007ffc60650000 - 0x00007ffc6066a000 	C:\Windows\system32\pnrpnsp.dll
0x00007ffc65f20000 - 0x00007ffc65f3b000 	C:\Windows\system32\NLAapi.dll
0x00007ffc68a00000 - 0x00007ffc68aa4000 	C:\Windows\SYSTEM32\DNSAPI.dll
0x00007ffc60640000 - 0x00007ffc6064d000 	C:\Windows\System32\winrnr.dll
0x000000006a950000 - 0x000000006a976000 	C:\Program Files\Bonjour\mdnsNSP.dll
0x00007ffc631d0000 - 0x00007ffc631fa000 	C:\Windows\SYSTEM32\Iphlpapi.DLL
0x00007ffc631b0000 - 0x00007ffc631ba000 	C:\Windows\SYSTEM32\WINNSI.DLL
0x00007ffc60620000 - 0x00007ffc60634000 	C:\Windows\system32\wshbth.dll
0x00007ffc605a0000 - 0x00007ffc605aa000 	C:\Windows\System32\rasadhlp.dll
0x00007ffc605b0000 - 0x00007ffc6061b000 	C:\Windows\System32\fwpuclnt.dll
0x0000000064e00000 - 0x0000000064e11000 	C:\Program Files\Java\jdk1.8.0_121\jre\bin\nio.dll

VM Arguments:
jvm_args: -javaagent:C:\Program Files\JetBrains\IntelliJ IDEA Community Edition 2019.3.4\lib\idea_rt.jar=59851:C:\Program Files\JetBrains\IntelliJ IDEA Community Edition 2019.3.4\bin -Dfile.encoding=UTF-8 
java_command: com.example.loginapiservices.LoginApiServicesApplication
java_class_path (initial): C:\Program Files\Java\jdk1.8.0_121\jre\lib\charsets.jar;C:\Program Files\Java\jdk1.8.0_121\jre\lib\deploy.jar;C:\Program Files\Java\jdk1.8.0_121\jre\lib\ext\access-bridge-64.jar;C:\Program Files\Java\jdk1.8.0_121\jre\lib\ext\cldrdata.jar;C:\Program Files\Java\jdk1.8.0_121\jre\lib\ext\dnsns.jar;C:\Program Files\Java\jdk1.8.0_121\jre\lib\ext\jaccess.jar;C:\Program Files\Java\jdk1.8.0_121\jre\lib\ext\jfxrt.jar;C:\Program Files\Java\jdk1.8.0_121\jre\lib\ext\localedata.jar;C:\Program Files\Java\jdk1.8.0_121\jre\lib\ext\nashorn.jar;C:\Program Files\Java\jdk1.8.0_121\jre\lib\ext\sunec.jar;C:\Program Files\Java\jdk1.8.0_121\jre\lib\ext\sunjce_provider.jar;C:\Program Files\Java\jdk1.8.0_121\jre\lib\ext\sunmscapi.jar;C:\Program Files\Java\jdk1.8.0_121\jre\lib\ext\sunpkcs11.jar;C:\Program Files\Java\jdk1.8.0_121\jre\lib\ext\zipfs.jar;C:\Program Files\Java\jdk1.8.0_121\jre\lib\javaws.jar;C:\Program Files\Java\jdk1.8.0_121\jre\lib\jce.jar;C:\Program Files\Java\jdk1.8.0_121\jre\lib\jfr.jar;C:\Program Files\Java\jdk1.8.0_121\jre\lib\jfxswt.jar;C:\Program Files\Java\jdk1.8.0_121\jre\lib\jsse.jar;C:\Program Files\Java\jdk1.8.0_121\jre\lib\management-agent.jar;C:\Program Files\Java\jdk1.8.0_121\jre\lib\plugin.jar;C:\Program Files\Java\jdk1.8.0_121\jre\lib\resources.jar;C:\Program Files\Java\jdk1.8.0_121\jre\lib\rt.jar;C:\Projekty\login-api-services\target\classes;C:\Users\Mi這szSiegmund\.m2\repository\org\springframework\boot\spring-boot-starter\2.3.4.RELEASE\spring-boot-starter-2.3.4.RELEASE.jar;C:\Users\Mi這szSiegmund\.m2\repository\org\springframework\boot\spring-boot\2.3.4.RELEASE\spring-boot-2.3.4.RELEASE.jar;C:\Users\Mi這szSiegmund\.m2\repository\org\springframework\spring-context\5.2.9.RELEASE\spring-context-5.2.9.RELEASE.jar;C:\Users\Mi這szSiegmund\.m2\repository\org\springframework\boot\spring-boot-autoconfigure\2.3.4.RELEASE\spring-boot-autoconfigure-2.3.4.RELEASE.jar;C:\Users\Mi這szSiegmund\.m2\repository\org\springframework\boot\spring-boot-st
Launcher Type: SUN_STANDARD

Environment Variables:
JAVA_HOME=C:\Program Files\Java\jdk1.8.0_121
PATH=C:\ProgramData\Oracle\Java\javapath;C:\Program Files (x86)\NVIDIA Corporation\PhysX\Common;C:\Program Files (x86)\Intel\iCLS Client\;C:\Program Files\Intel\iCLS Client\;C:\Windows\system32;C:\Windows;C:\Windows\System32\Wbem;C:\Windows\System32\WindowsPowerShell\v1.0\;C:\Program Files\Intel\Intel(R) Management Engine Components\DAL;C:\Program Files (x86)\Intel\Intel(R) Management Engine Components\DAL;C:\Program Files\Intel\Intel(R) Management Engine Components\IPT;C:\Program Files (x86)\Intel\Intel(R) Management Engine Components\IPT;C:\Program Files\Microsoft SQL Server\130\Tools\Binn\;C:\Program Files (x86)\Microsoft SQL Server\Client SDK\ODBC\130\Tools\Binn\;C:\Program Files (x86)\Microsoft SQL Server\140\Tools\Binn\;C:\Program Files (x86)\Microsoft SQL Server\140\DTS\Binn\;C:\Program Files (x86)\Microsoft SQL Server\140\Tools\Binn\ManagementStudio\;c:\Program Files (x86)\Microsoft SQL Server\100\Tools\Binn\;c:\Program Files (x86)\Microsoft SQL Server\100\DTS\Binn\;C:\Program Files\Git\cmd;C:\Program Files (x86)\Brackets\command;C:\Program Files\nodejs;%M2_HOME%\bin;C:\Program Files\Java\jdk1.8.0_121\bin;C:\Users\Mi這szSiegmund\AppData\Roaming\npm;C:\Program Files\Apache\maven\apache-maven-3.6.3\bin
USERNAME=Mi這szSiegmund
OS=Windows_NT
PROCESSOR_IDENTIFIER=Intel64 Family 6 Model 61 Stepping 4, GenuineIntel



---------------  S Y S T E M  ---------------

OS: Windows 8.1 , 64 bit Build 9600 (6.3.9600.19719)

CPU:total 4 (2 cores per cpu, 2 threads per core) family 6 model 61 stepping 4, cmov, cx8, fxsr, mmx, sse, sse2, sse3, ssse3, sse4.1, sse4.2, popcnt, avx, avx2, aes, clmul, erms, 3dnowpref, lzcnt, ht, tsc, tscinvbit, bmi1, bmi2, adx

Memory: 4k page, physical 8300880k(934836k free), swap 13341180k(4516k free)

vm_info: Java HotSpot(TM) 64-Bit Server VM (25.121-b13) for windows-amd64 JRE (1.8.0_121-b13), built on Dec 12 2016 18:21:36 by "java_re" with MS VC++ 10.0 (VS2010)

time: Thu Sep 24 10:43:47 2020
elapsed time: 4 seconds (0d 0h 0m 4s)

